<?xml version="1.0" encoding="UTF-8"?>
<testng-results ignored="0" total="17" passed="16" failed="1" skipped="0">
  <reporter-output>
  </reporter-output>
  <suite started-at="2022-09-28T10:56:37 IST" name="Asian Cloud Assignment Automation Suite" finished-at="2022-09-28T11:02:12 IST" duration-ms="334953">
    <groups>
    </groups>
    <test started-at="2022-09-28T10:56:37 IST" name="Assignment Test" finished-at="2022-09-28T11:02:12 IST" duration-ms="334953">
      <class name="testcases.RegisterPageTest">
        <test-method is-config="true" signature="setUp()[pri:0, instance:testcases.RegisterPageTest@783a467b]" started-at="2022-09-28T11:00:07 IST" name="setUp" finished-at="2022-09-28T11:00:21 IST" duration-ms="13947" status="PASS">
          <reporter-output>
          </reporter-output>
        </test-method> <!-- setUp -->
        <test-method signature="validateRegisterNavigationLink()[pri:1, instance:testcases.RegisterPageTest@783a467b]" started-at="2022-09-28T11:00:21 IST" name="validateRegisterNavigationLink" description="This method used to validate text on the login screen once navigated back from Register Page" finished-at="2022-09-28T11:00:22 IST" duration-ms="964" status="PASS">
          <reporter-output>
          </reporter-output>
        </test-method> <!-- validateRegisterNavigationLink -->
        <test-method is-config="true" signature="destroyDriver()[pri:0, instance:testcases.RegisterPageTest@783a467b]" started-at="2022-09-28T11:00:22 IST" name="destroyDriver" finished-at="2022-09-28T11:00:22 IST" duration-ms="323" status="PASS">
          <reporter-output>
          </reporter-output>
        </test-method> <!-- destroyDriver -->
        <test-method is-config="true" signature="setUp()[pri:0, instance:testcases.RegisterPageTest@783a467b]" started-at="2022-09-28T11:00:22 IST" name="setUp" finished-at="2022-09-28T11:00:51 IST" duration-ms="28742" status="PASS">
          <reporter-output>
          </reporter-output>
        </test-method> <!-- setUp -->
        <test-method signature="validateErrorMessageOnRegisterButtonClick()[pri:2, instance:testcases.RegisterPageTest@783a467b]" started-at="2022-09-28T11:00:51 IST" name="validateErrorMessageOnRegisterButtonClick" description="This method used to validate error message from Register Page" finished-at="2022-09-28T11:00:58 IST" duration-ms="6985" status="PASS">
          <reporter-output>
          </reporter-output>
        </test-method> <!-- validateErrorMessageOnRegisterButtonClick -->
        <test-method is-config="true" signature="destroyDriver()[pri:0, instance:testcases.RegisterPageTest@783a467b]" started-at="2022-09-28T11:00:58 IST" name="destroyDriver" finished-at="2022-09-28T11:00:58 IST" duration-ms="296" status="PASS">
          <reporter-output>
          </reporter-output>
        </test-method> <!-- destroyDriver -->
        <test-method is-config="true" signature="setUp()[pri:0, instance:testcases.RegisterPageTest@783a467b]" started-at="2022-09-28T11:00:58 IST" name="setUp" finished-at="2022-09-28T11:01:26 IST" duration-ms="27928" status="PASS">
          <reporter-output>
          </reporter-output>
        </test-method> <!-- setUp -->
        <test-method signature="validateRegisterAccount()[pri:3, instance:testcases.RegisterPageTest@783a467b]" started-at="2022-09-28T11:01:26 IST" name="validateRegisterAccount" description="This method used to validate page title once the account successfully registered" finished-at="2022-09-28T11:01:28 IST" duration-ms="1531" status="PASS">
          <reporter-output>
          </reporter-output>
        </test-method> <!-- validateRegisterAccount -->
        <test-method is-config="true" signature="destroyDriver()[pri:0, instance:testcases.RegisterPageTest@783a467b]" started-at="2022-09-28T11:01:28 IST" name="destroyDriver" finished-at="2022-09-28T11:01:28 IST" duration-ms="321" status="PASS">
          <reporter-output>
          </reporter-output>
        </test-method> <!-- destroyDriver -->
        <test-method is-config="true" signature="setUp()[pri:0, instance:testcases.RegisterPageTest@783a467b]" started-at="2022-09-28T11:01:28 IST" name="setUp" finished-at="2022-09-28T11:01:41 IST" duration-ms="12961" status="PASS">
          <reporter-output>
          </reporter-output>
        </test-method> <!-- setUp -->
        <test-method signature="validateEmailAlreadyExistsErrorMessage()[pri:4, instance:testcases.RegisterPageTest@783a467b]" started-at="2022-09-28T11:01:41 IST" name="validateEmailAlreadyExistsErrorMessage" description="This method used to test error message for the same email already registered" finished-at="2022-09-28T11:01:42 IST" duration-ms="1635" status="PASS">
          <reporter-output>
          </reporter-output>
        </test-method> <!-- validateEmailAlreadyExistsErrorMessage -->
        <test-method is-config="true" signature="destroyDriver()[pri:0, instance:testcases.RegisterPageTest@783a467b]" started-at="2022-09-28T11:01:43 IST" name="destroyDriver" finished-at="2022-09-28T11:01:43 IST" duration-ms="404" status="PASS">
          <reporter-output>
          </reporter-output>
        </test-method> <!-- destroyDriver -->
        <test-method is-config="true" signature="setUp()[pri:0, instance:testcases.RegisterPageTest@783a467b]" started-at="2022-09-28T11:01:43 IST" name="setUp" finished-at="2022-09-28T11:01:51 IST" duration-ms="7841" status="PASS">
          <reporter-output>
          </reporter-output>
        </test-method> <!-- setUp -->
        <test-method signature="validatePasswordMismatchErrorMessage()[pri:5, instance:testcases.RegisterPageTest@783a467b]" started-at="2022-09-28T11:01:51 IST" name="validatePasswordMismatchErrorMessage" description="This method used to validate password mismatch error message " finished-at="2022-09-28T11:01:53 IST" duration-ms="2224" status="PASS">
          <reporter-output>
          </reporter-output>
        </test-method> <!-- validatePasswordMismatchErrorMessage -->
        <test-method is-config="true" signature="destroyDriver()[pri:0, instance:testcases.RegisterPageTest@783a467b]" started-at="2022-09-28T11:01:53 IST" name="destroyDriver" finished-at="2022-09-28T11:01:54 IST" duration-ms="379" status="PASS">
          <reporter-output>
          </reporter-output>
        </test-method> <!-- destroyDriver -->
        <test-method is-config="true" signature="setUp()[pri:0, instance:testcases.RegisterPageTest@783a467b]" started-at="2022-09-28T11:01:54 IST" name="setUp" finished-at="2022-09-28T11:02:07 IST" duration-ms="13057" status="PASS">
          <reporter-output>
          </reporter-output>
        </test-method> <!-- setUp -->
        <test-method signature="validateLocaleDropdownValueTextRegisterPage()[pri:6, instance:testcases.RegisterPageTest@783a467b]" started-at="2022-09-28T11:02:07 IST" name="validateLocaleDropdownValueTextRegisterPage" description="This method used to select particular locale from the dropdown values listed in the Register screen " finished-at="2022-09-28T11:02:12 IST" duration-ms="5333" status="PASS">
          <reporter-output>
          </reporter-output>
        </test-method> <!-- validateLocaleDropdownValueTextRegisterPage -->
        <test-method is-config="true" signature="destroyDriver()[pri:0, instance:testcases.RegisterPageTest@783a467b]" started-at="2022-09-28T11:02:12 IST" name="destroyDriver" finished-at="2022-09-28T11:02:12 IST" duration-ms="308" status="PASS">
          <reporter-output>
          </reporter-output>
        </test-method> <!-- destroyDriver -->
      </class> <!-- testcases.RegisterPageTest -->
      <class name="testcases.LoginPageTest">
        <test-method is-config="true" signature="setUp()[pri:0, instance:testcases.LoginPageTest@e15b7e8]" started-at="2022-09-28T10:56:37 IST" name="setUp" finished-at="2022-09-28T10:57:06 IST" duration-ms="28777" status="PASS">
          <reporter-output>
          </reporter-output>
        </test-method> <!-- setUp -->
        <test-method signature="validateErrorMessageOnEnteringInvalidEmail()[pri:1, instance:testcases.LoginPageTest@e15b7e8]" started-at="2022-09-28T10:57:06 IST" name="validateErrorMessageOnEnteringInvalidEmail" description="This is used to test after entering invalid Email reading from properties file and validating error message" finished-at="2022-09-28T10:57:09 IST" duration-ms="2543" status="PASS">
          <reporter-output>
          </reporter-output>
        </test-method> <!-- validateErrorMessageOnEnteringInvalidEmail -->
        <test-method is-config="true" signature="destroyDriver()[pri:0, instance:testcases.LoginPageTest@e15b7e8]" started-at="2022-09-28T10:57:09 IST" name="destroyDriver" finished-at="2022-09-28T10:57:09 IST" duration-ms="462" status="PASS">
          <reporter-output>
          </reporter-output>
        </test-method> <!-- destroyDriver -->
        <test-method is-config="true" signature="setUp()[pri:0, instance:testcases.LoginPageTest@e15b7e8]" started-at="2022-09-28T10:57:09 IST" name="setUp" finished-at="2022-09-28T10:57:32 IST" duration-ms="22851" status="PASS">
          <reporter-output>
          </reporter-output>
        </test-method> <!-- setUp -->
        <test-method signature="validateErrorMessageOnEnterInvalidPassword()[pri:2, instance:testcases.LoginPageTest@e15b7e8]" started-at="2022-09-28T10:57:32 IST" name="validateErrorMessageOnEnterInvalidPassword" description="This is used to test after entering invalid Password reading from properties file and validating error message" finished-at="2022-09-28T10:57:33 IST" duration-ms="1088" status="PASS">
          <reporter-output>
          </reporter-output>
        </test-method> <!-- validateErrorMessageOnEnterInvalidPassword -->
        <test-method is-config="true" signature="destroyDriver()[pri:0, instance:testcases.LoginPageTest@e15b7e8]" started-at="2022-09-28T10:57:33 IST" name="destroyDriver" finished-at="2022-09-28T10:57:34 IST" duration-ms="321" status="PASS">
          <reporter-output>
          </reporter-output>
        </test-method> <!-- destroyDriver -->
        <test-method is-config="true" signature="setUp()[pri:0, instance:testcases.LoginPageTest@e15b7e8]" started-at="2022-09-28T10:57:34 IST" name="setUp" finished-at="2022-09-28T10:57:46 IST" duration-ms="12701" status="PASS">
          <reporter-output>
          </reporter-output>
        </test-method> <!-- setUp -->
        <test-method signature="validateValidUserCredentials()[pri:3, instance:testcases.LoginPageTest@e15b7e8]" started-at="2022-09-28T10:57:46 IST" name="validateValidUserCredentials" description="This is used to test after entering valid Email and Password reading from properties file and validating pagetitle after successful login" finished-at="2022-09-28T10:57:47 IST" duration-ms="194" status="FAIL">
          <exception class="org.openqa.selenium.NoSuchElementException">
            <message>
              <![CDATA[no such element: Unable to locate element: {"method":"xpath","selector":"//*[@id='username']"}
  (Session info: chrome=105.0.5195.127)
For documentation on this error, please visit: https://selenium.dev/exceptions/#no_such_element
Build info: version: '4.4.0', revision: 'e5c75ed026a'
System info: host: 'DESKTOP-EP2S4TU', ip: '172.19.176.1', os.name: 'Windows 10', os.arch: 'amd64', os.version: '10.0', java.version: '11.0.16'
Driver info: org.openqa.selenium.chrome.ChromeDriver
Command: [9525e6a5788f37301af47ec6222b2cb9, findElement {using=xpath, value=//*[@id='username']}]
Capabilities {acceptInsecureCerts: false, browserName: chrome, browserVersion: 105.0.5195.127, chrome: {chromedriverVersion: 105.0.5195.52 (412c95e51883..., userDataDir: C:\Users\DELL\AppData\Local...}, goog:chromeOptions: {debuggerAddress: localhost:63653}, networkConnectionEnabled: false, pageLoadStrategy: normal, platformName: WINDOWS, proxy: Proxy(), se:cdp: ws://localhost:63653/devtoo..., se:cdpVersion: 105.0.5195.127, setWindowRect: true, strictFileInteractability: false, timeouts: {implicit: 0, pageLoad: 300000, script: 30000}, unhandledPromptBehavior: dismiss and notify, webauthn:extension:credBlob: true, webauthn:extension:largeBlob: true, webauthn:virtualAuthenticators: true}
Session ID: 9525e6a5788f37301af47ec6222b2cb9]]>
            </message>
            <full-stacktrace>
              <![CDATA[org.openqa.selenium.NoSuchElementException: no such element: Unable to locate element: {"method":"xpath","selector":"//*[@id='username']"}
  (Session info: chrome=105.0.5195.127)
For documentation on this error, please visit: https://selenium.dev/exceptions/#no_such_element
Build info: version: '4.4.0', revision: 'e5c75ed026a'
System info: host: 'DESKTOP-EP2S4TU', ip: '172.19.176.1', os.name: 'Windows 10', os.arch: 'amd64', os.version: '10.0', java.version: '11.0.16'
Driver info: org.openqa.selenium.chrome.ChromeDriver
Command: [9525e6a5788f37301af47ec6222b2cb9, findElement {using=xpath, value=//*[@id='username']}]
Capabilities {acceptInsecureCerts: false, browserName: chrome, browserVersion: 105.0.5195.127, chrome: {chromedriverVersion: 105.0.5195.52 (412c95e51883..., userDataDir: C:\Users\DELL\AppData\Local...}, goog:chromeOptions: {debuggerAddress: localhost:63653}, networkConnectionEnabled: false, pageLoadStrategy: normal, platformName: WINDOWS, proxy: Proxy(), se:cdp: ws://localhost:63653/devtoo..., se:cdpVersion: 105.0.5195.127, setWindowRect: true, strictFileInteractability: false, timeouts: {implicit: 0, pageLoad: 300000, script: 30000}, unhandledPromptBehavior: dismiss and notify, webauthn:extension:credBlob: true, webauthn:extension:largeBlob: true, webauthn:virtualAuthenticators: true}
Session ID: 9525e6a5788f37301af47ec6222b2cb9
at java.base/jdk.internal.reflect.NativeConstructorAccessorImpl.newInstance0(Native Method)
at java.base/jdk.internal.reflect.NativeConstructorAccessorImpl.newInstance(NativeConstructorAccessorImpl.java:62)
at java.base/jdk.internal.reflect.DelegatingConstructorAccessorImpl.newInstance(DelegatingConstructorAccessorImpl.java:45)
at java.base/java.lang.reflect.Constructor.newInstance(Constructor.java:490)
at org.openqa.selenium.remote.codec.w3c.W3CHttpResponseCodec.createException(W3CHttpResponseCodec.java:200)
at org.openqa.selenium.remote.codec.w3c.W3CHttpResponseCodec.decode(W3CHttpResponseCodec.java:133)
at org.openqa.selenium.remote.codec.w3c.W3CHttpResponseCodec.decode(W3CHttpResponseCodec.java:53)
at org.openqa.selenium.remote.HttpCommandExecutor.execute(HttpCommandExecutor.java:184)
at org.openqa.selenium.remote.service.DriverCommandExecutor.invokeExecute(DriverCommandExecutor.java:167)
at org.openqa.selenium.remote.service.DriverCommandExecutor.execute(DriverCommandExecutor.java:142)
at org.openqa.selenium.remote.RemoteWebDriver.execute(RemoteWebDriver.java:547)
at org.openqa.selenium.remote.ElementLocation$ElementFinder$2.findElement(ElementLocation.java:162)
at org.openqa.selenium.remote.ElementLocation.findElement(ElementLocation.java:60)
at org.openqa.selenium.remote.RemoteWebDriver.findElement(RemoteWebDriver.java:365)
at org.openqa.selenium.remote.RemoteWebDriver.findElement(RemoteWebDriver.java:357)
at org.openqa.selenium.support.pagefactory.DefaultElementLocator.findElement(DefaultElementLocator.java:70)
at org.openqa.selenium.support.pagefactory.internal.LocatingElementHandler.invoke(LocatingElementHandler.java:39)
at com.sun.proxy.$Proxy16.sendKeys(Unknown Source)
at pages.LoginPage.enterUserCredentials(LoginPage.java:62)
at testcases.LoginPageTest.validateValidUserCredentials(LoginPageTest.java:35)
at java.base/jdk.internal.reflect.NativeMethodAccessorImpl.invoke0(Native Method)
at java.base/jdk.internal.reflect.NativeMethodAccessorImpl.invoke(NativeMethodAccessorImpl.java:62)
at java.base/jdk.internal.reflect.DelegatingMethodAccessorImpl.invoke(DelegatingMethodAccessorImpl.java:43)
at java.base/java.lang.reflect.Method.invoke(Method.java:566)
at org.testng.internal.MethodInvocationHelper.invokeMethod(MethodInvocationHelper.java:133)
at org.testng.internal.TestInvoker.invokeMethod(TestInvoker.java:598)
at org.testng.internal.TestInvoker.invokeTestMethod(TestInvoker.java:173)
at org.testng.internal.MethodRunner.runInSequence(MethodRunner.java:46)
at org.testng.internal.TestInvoker$MethodInvocationAgent.invoke(TestInvoker.java:824)
at org.testng.internal.TestInvoker.invokeTestMethods(TestInvoker.java:146)
at org.testng.internal.TestMethodWorker.invokeTestMethods(TestMethodWorker.java:146)
at org.testng.internal.TestMethodWorker.run(TestMethodWorker.java:128)
at java.base/java.util.ArrayList.forEach(ArrayList.java:1541)
at org.testng.TestRunner.privateRun(TestRunner.java:794)
at org.testng.TestRunner.run(TestRunner.java:596)
at org.testng.SuiteRunner.runTest(SuiteRunner.java:377)
at org.testng.SuiteRunner.runSequentially(SuiteRunner.java:371)
at org.testng.SuiteRunner.privateRun(SuiteRunner.java:332)
at org.testng.SuiteRunner.run(SuiteRunner.java:276)
at org.testng.SuiteRunnerWorker.runSuite(SuiteRunnerWorker.java:53)
at org.testng.SuiteRunnerWorker.run(SuiteRunnerWorker.java:96)
at org.testng.TestNG.runSuitesSequentially(TestNG.java:1212)
at org.testng.TestNG.runSuitesLocally(TestNG.java:1134)
at org.testng.TestNG.runSuites(TestNG.java:1063)
at org.testng.TestNG.run(TestNG.java:1031)
at org.testng.remote.AbstractRemoteTestNG.run(AbstractRemoteTestNG.java:115)
at org.testng.remote.RemoteTestNG.initAndRun(RemoteTestNG.java:251)
at org.testng.remote.RemoteTestNG.main(RemoteTestNG.java:77)
]]>
            </full-stacktrace>
          </exception> <!-- org.openqa.selenium.NoSuchElementException -->
          <reporter-output>
          </reporter-output>
        </test-method> <!-- validateValidUserCredentials -->
        <test-method is-config="true" signature="destroyDriver()[pri:0, instance:testcases.LoginPageTest@e15b7e8]" started-at="2022-09-28T10:57:47 IST" name="destroyDriver" finished-at="2022-09-28T10:57:47 IST" duration-ms="381" status="PASS">
          <reporter-output>
          </reporter-output>
        </test-method> <!-- destroyDriver -->
        <test-method is-config="true" signature="setUp()[pri:0, instance:testcases.LoginPageTest@e15b7e8]" started-at="2022-09-28T10:57:47 IST" name="setUp" finished-at="2022-09-28T10:57:59 IST" duration-ms="12076" status="PASS">
          <reporter-output>
          </reporter-output>
        </test-method> <!-- setUp -->
        <test-method signature="validateRemembermeCheckboxTextOnLoginScreen()[pri:4, instance:testcases.LoginPageTest@e15b7e8]" started-at="2022-09-28T10:57:59 IST" name="validateRemembermeCheckboxTextOnLoginScreen" description="This is used to validate whether Rememberme checkbox is displayed or not" finished-at="2022-09-28T10:58:01 IST" duration-ms="1748" status="PASS">
          <reporter-output>
          </reporter-output>
        </test-method> <!-- validateRemembermeCheckboxTextOnLoginScreen -->
        <test-method is-config="true" signature="destroyDriver()[pri:0, instance:testcases.LoginPageTest@e15b7e8]" started-at="2022-09-28T10:58:01 IST" name="destroyDriver" finished-at="2022-09-28T10:58:02 IST" duration-ms="369" status="PASS">
          <reporter-output>
          </reporter-output>
        </test-method> <!-- destroyDriver -->
        <test-method is-config="true" signature="setUp()[pri:0, instance:testcases.LoginPageTest@e15b7e8]" started-at="2022-09-28T10:58:02 IST" name="setUp" finished-at="2022-09-28T10:58:13 IST" duration-ms="11274" status="PASS">
          <reporter-output>
          </reporter-output>
        </test-method> <!-- setUp -->
        <test-method signature="validateForgotPasswordNavigationLink()[pri:5, instance:testcases.LoginPageTest@e15b7e8]" started-at="2022-09-28T10:58:13 IST" name="validateForgotPasswordNavigationLink" description="This method used to test the text present in Login screen after navigating from ForgotPassword page" finished-at="2022-09-28T10:58:14 IST" duration-ms="1018" status="PASS">
          <reporter-output>
          </reporter-output>
        </test-method> <!-- validateForgotPasswordNavigationLink -->
        <test-method is-config="true" signature="destroyDriver()[pri:0, instance:testcases.LoginPageTest@e15b7e8]" started-at="2022-09-28T10:58:14 IST" name="destroyDriver" finished-at="2022-09-28T10:58:15 IST" duration-ms="558" status="PASS">
          <reporter-output>
          </reporter-output>
        </test-method> <!-- destroyDriver -->
        <test-method is-config="true" signature="setUp()[pri:0, instance:testcases.LoginPageTest@e15b7e8]" started-at="2022-09-28T10:58:15 IST" name="setUp" finished-at="2022-09-28T10:58:30 IST" duration-ms="15049" status="PASS">
          <reporter-output>
          </reporter-output>
        </test-method> <!-- setUp -->
        <test-method signature="validateErrorMessageOnForgotPasswordPage()[pri:6, instance:testcases.LoginPageTest@e15b7e8]" started-at="2022-09-28T10:58:30 IST" name="validateErrorMessageOnForgotPasswordPage" description="This method used to test the error message with blank email id at the ForgotPassword page" finished-at="2022-09-28T10:58:31 IST" duration-ms="1192" status="PASS">
          <reporter-output>
          </reporter-output>
        </test-method> <!-- validateErrorMessageOnForgotPasswordPage -->
        <test-method is-config="true" signature="destroyDriver()[pri:0, instance:testcases.LoginPageTest@e15b7e8]" started-at="2022-09-28T10:58:31 IST" name="destroyDriver" finished-at="2022-09-28T10:58:31 IST" duration-ms="346" status="PASS">
          <reporter-output>
          </reporter-output>
        </test-method> <!-- destroyDriver -->
        <test-method is-config="true" signature="setUp()[pri:0, instance:testcases.LoginPageTest@e15b7e8]" started-at="2022-09-28T10:58:31 IST" name="setUp" finished-at="2022-09-28T10:58:51 IST" duration-ms="19233" status="PASS">
          <reporter-output>
          </reporter-output>
        </test-method> <!-- setUp -->
        <test-method signature="validatePasswordResetSuccessMessageForValidEmail()[pri:7, instance:testcases.LoginPageTest@e15b7e8]" started-at="2022-09-28T10:58:51 IST" name="validatePasswordResetSuccessMessageForValidEmail" description="This method used to verify the text on the screen for password reset" finished-at="2022-09-28T10:58:53 IST" duration-ms="2797" status="PASS">
          <reporter-output>
          </reporter-output>
        </test-method> <!-- validatePasswordResetSuccessMessageForValidEmail -->
        <test-method is-config="true" signature="destroyDriver()[pri:0, instance:testcases.LoginPageTest@e15b7e8]" started-at="2022-09-28T10:58:53 IST" name="destroyDriver" finished-at="2022-09-28T10:58:54 IST" duration-ms="374" status="PASS">
          <reporter-output>
          </reporter-output>
        </test-method> <!-- destroyDriver -->
        <test-method is-config="true" signature="setUp()[pri:0, instance:testcases.LoginPageTest@e15b7e8]" started-at="2022-09-28T10:58:54 IST" name="setUp" finished-at="2022-09-28T10:59:08 IST" duration-ms="14311" status="PASS">
          <reporter-output>
          </reporter-output>
        </test-method> <!-- setUp -->
        <test-method signature="validatePasswordResetSuccessMessageForInvalidEmail()[pri:8, instance:testcases.LoginPageTest@e15b7e8]" started-at="2022-09-28T10:59:08 IST" name="validatePasswordResetSuccessMessageForInvalidEmail" description="This method used to validate error message for the inavlid email in the Forgot password page" finished-at="2022-09-28T10:59:10 IST" duration-ms="2205" status="PASS">
          <reporter-output>
          </reporter-output>
        </test-method> <!-- validatePasswordResetSuccessMessageForInvalidEmail -->
        <test-method is-config="true" signature="destroyDriver()[pri:0, instance:testcases.LoginPageTest@e15b7e8]" started-at="2022-09-28T10:59:10 IST" name="destroyDriver" finished-at="2022-09-28T10:59:11 IST" duration-ms="549" status="PASS">
          <reporter-output>
          </reporter-output>
        </test-method> <!-- destroyDriver -->
        <test-method is-config="true" signature="setUp()[pri:0, instance:testcases.LoginPageTest@e15b7e8]" started-at="2022-09-28T10:59:11 IST" name="setUp" finished-at="2022-09-28T10:59:27 IST" duration-ms="16510" status="PASS">
          <reporter-output>
          </reporter-output>
        </test-method> <!-- setUp -->
        <test-method signature="validateErrorMessageOnBlankEmailIDPasword()[pri:9, instance:testcases.LoginPageTest@e15b7e8]" started-at="2022-09-28T10:59:27 IST" name="validateErrorMessageOnBlankEmailIDPasword" description="This method used to test error messages for blank email and password" finished-at="2022-09-28T10:59:30 IST" duration-ms="2058" status="PASS">
          <reporter-output>
          </reporter-output>
        </test-method> <!-- validateErrorMessageOnBlankEmailIDPasword -->
        <test-method is-config="true" signature="destroyDriver()[pri:0, instance:testcases.LoginPageTest@e15b7e8]" started-at="2022-09-28T10:59:30 IST" name="destroyDriver" finished-at="2022-09-28T10:59:30 IST" duration-ms="468" status="PASS">
          <reporter-output>
          </reporter-output>
        </test-method> <!-- destroyDriver -->
        <test-method is-config="true" signature="setUp()[pri:0, instance:testcases.LoginPageTest@e15b7e8]" started-at="2022-09-28T10:59:30 IST" name="setUp" finished-at="2022-09-28T10:59:45 IST" duration-ms="14441" status="PASS">
          <reporter-output>
          </reporter-output>
        </test-method> <!-- setUp -->
        <test-method signature="validateLocaleDropdownValueTextLoginScreen()[pri:10, instance:testcases.LoginPageTest@e15b7e8]" started-at="2022-09-28T10:59:45 IST" name="validateLocaleDropdownValueTextLoginScreen" description="This method used to select particular locale from the dropdown values listed in the login screen " finished-at="2022-09-28T10:59:48 IST" duration-ms="3891" status="PASS">
          <reporter-output>
          </reporter-output>
        </test-method> <!-- validateLocaleDropdownValueTextLoginScreen -->
        <test-method is-config="true" signature="destroyDriver()[pri:0, instance:testcases.LoginPageTest@e15b7e8]" started-at="2022-09-28T10:59:49 IST" name="destroyDriver" finished-at="2022-09-28T10:59:49 IST" duration-ms="309" status="PASS">
          <reporter-output>
          </reporter-output>
        </test-method> <!-- destroyDriver -->
        <test-method is-config="true" signature="setUp()[pri:0, instance:testcases.LoginPageTest@e15b7e8]" started-at="2022-09-28T10:59:49 IST" name="setUp" finished-at="2022-09-28T11:00:01 IST" duration-ms="12350" status="PASS">
          <reporter-output>
          </reporter-output>
        </test-method> <!-- setUp -->
        <test-method signature="validateLocaleDropdownValueTextForgotPasswordPage()[pri:11, instance:testcases.LoginPageTest@e15b7e8]" started-at="2022-09-28T11:00:01 IST" name="validateLocaleDropdownValueTextForgotPasswordPage" description="This method used to select particular locale from the dropdown values listed in the Forgot password screen" finished-at="2022-09-28T11:00:06 IST" duration-ms="5039" status="PASS">
          <reporter-output>
          </reporter-output>
        </test-method> <!-- validateLocaleDropdownValueTextForgotPasswordPage -->
        <test-method is-config="true" signature="destroyDriver()[pri:0, instance:testcases.LoginPageTest@e15b7e8]" started-at="2022-09-28T11:00:06 IST" name="destroyDriver" finished-at="2022-09-28T11:00:07 IST" duration-ms="359" status="PASS">
          <reporter-output>
          </reporter-output>
        </test-method> <!-- destroyDriver -->
      </class> <!-- testcases.LoginPageTest -->
    </test> <!-- Assignment Test -->
  </suite> <!-- Asian Cloud Assignment Automation Suite -->
</testng-results>
